--- Startup times for process: Primary/TUI ---

times in msec
 clock   self+sourced   self:  sourced script
 clock   elapsed:              other lines

000.001  000.001: --- NVIM STARTING ---
000.242  000.241: event init
000.359  000.117: early init
000.419  000.060: locale set
000.474  000.055: init first window
000.783  000.309: inits 1
000.791  000.008: window checked
000.794  000.003: parsing arguments
001.319  000.040  000.040: require('vim.shared')
001.411  000.046  000.046: require('vim.inspect')
001.464  000.040  000.040: require('vim._options')
001.465  000.139  000.053: require('vim._editor')
001.467  000.245  000.067: require('vim._init_packages')
001.470  000.431: init lua interpreter
002.060  000.589: --- NVIM STARTED ---

--- Startup times for process: Embedded ---

times in msec
 clock   self+sourced   self:  sourced script
 clock   elapsed:              other lines

000.000  000.000: --- NVIM STARTING ---
000.215  000.215: event init
000.349  000.134: early init
000.426  000.077: locale set
000.488  000.062: init first window
000.777  000.289: inits 1
000.796  000.019: window checked
000.799  000.003: parsing arguments
001.344  000.043  000.043: require('vim.shared')
001.452  000.047  000.047: require('vim.inspect')
001.508  000.042  000.042: require('vim._options')
001.509  000.159  000.070: require('vim._editor')
001.511  000.232  000.030: require('vim._init_packages')
001.512  000.481: init lua interpreter
001.599  000.087: expanding arguments
001.621  000.022: inits 2
001.925  000.304: init highlight
001.927  000.001: waiting for UI
002.048  000.122: done waiting for UI
002.055  000.007: clear screen
002.133  000.011  000.011: require('vim.keymap')
002.607  000.549  000.538: require('vim._defaults')
002.611  000.006: init default mappings & autocommands
003.606  000.072  000.072: sourcing /snap/nvim/3488/usr/share/nvim/runtime/ftplugin.vim
003.694  000.033  000.033: sourcing /snap/nvim/3488/usr/share/nvim/runtime/indent.vim
004.105  000.253  000.253: require('user.settings')
004.387  000.279  000.279: require('user.keymaps')
004.502  000.112  000.112: require('user.commands')
005.421  000.660  000.660: require('lazy')
005.454  000.018  000.018: require('ffi')
005.503  000.023  000.023: require('vim.fs')
005.705  000.119  000.119: require('vim.uri')
005.720  000.263  000.121: require('vim.loader')
005.939  000.198  000.198: require('lazy.stats')
006.166  000.207  000.207: require('lazy.core.util')
006.319  000.151  000.151: require('lazy.core.config')
006.588  000.126  000.126: require('lazy.core.handler')
007.116  000.168  000.168: require('lazy.pkg')
007.122  000.358  000.190: require('lazy.core.meta')
007.135  000.544  000.186: require('lazy.core.plugin')
007.143  000.822  000.152: require('lazy.core.loader')
007.718  000.167  000.167: require('lazy.core.fragments')
009.412  000.006  000.006: require('vim.F')
009.453  000.337  000.331: require('vim.diagnostic')
010.223  000.117  000.117: require('lazy.core.handler.event')
010.343  000.115  000.115: require('lazy.core.handler.keys')
010.438  000.091  000.091: require('lazy.core.handler.cmd')
010.513  000.068  000.068: require('lazy.core.handler.ft')
012.054  000.264  000.264: sourcing /snap/nvim/3488/usr/share/nvim/runtime/filetype.lua
012.721  000.313  000.313: require('vim.lsp.log')
013.193  000.467  000.467: require('vim.lsp.protocol')
013.955  000.299  000.299: require('vim.lsp._snippet_grammar')
014.087  000.120  000.120: require('vim.highlight')
014.123  000.917  000.498: require('vim.lsp.util')
014.351  000.079  000.079: require('vim.lsp.sync')
014.372  000.243  000.164: require('vim.lsp._changetracking')
014.623  000.247  000.247: require('vim.lsp.rpc')
014.812  002.713  000.526: require('vim.lsp')
015.200  000.382  000.382: require('vim.lsp.handlers')
016.237  000.217  000.217: require('vim.treesitter.language')
016.483  000.234  000.234: require('vim.func')
016.660  000.164  000.164: require('vim.func._memoize')
016.701  000.934  000.319: require('vim.treesitter.query')
016.728  001.447  000.513: require('nvim-treesitter.query_predicates')
018.201  000.896  000.896: require('darkvoid')
018.472  000.250  000.250: require('darkvoid.colors')
020.970  000.199  000.199: require('darkvoid.config')
021.201  000.107  000.107: require('darkvoid.plugins.gitsigns')
021.411  000.158  000.158: require('darkvoid.plugins.treesitter')
021.771  000.104  000.104: require('darkvoid.plugins.nvimtree')
021.964  000.089  000.089: require('darkvoid.plugins.telescope')
022.153  000.098  000.098: require('darkvoid.plugins.lualine')
024.479  000.068  000.068: require('darkvoid.plugins.bufferline')
024.648  000.059  000.059: require('darkvoid.plugins.oil')
024.828  000.099  000.099: require('darkvoid.plugins.nvim-cmp')
025.056  000.056  000.056: require('darkvoid.plugins.whichkey')
025.205  000.051  000.051: require('darkvoid.plugins.nvim_notify')
025.949  005.818  004.729: sourcing /home/sg3t41/.local/share/nvim/lazy/darkvoid.nvim/colors/darkvoid.lua
026.182  000.081  000.081: sourcing /snap/nvim/3488/usr/share/nvim/runtime/plugin/editorconfig.lua
026.403  000.179  000.179: sourcing /snap/nvim/3488/usr/share/nvim/runtime/plugin/gzip.vim
026.520  000.060  000.060: sourcing /snap/nvim/3488/usr/share/nvim/runtime/plugin/man.lua
027.112  000.203  000.203: sourcing /snap/nvim/3488/usr/share/nvim/runtime/pack/dist/opt/matchit/plugin/matchit.vim
027.136  000.564  000.360: sourcing /snap/nvim/3488/usr/share/nvim/runtime/plugin/matchit.vim
027.340  000.154  000.154: sourcing /snap/nvim/3488/usr/share/nvim/runtime/plugin/matchparen.vim
027.426  000.019  000.019: sourcing /snap/nvim/3488/usr/share/nvim/runtime/plugin/netrwPlugin.vim
027.581  000.052  000.052: sourcing /snap/nvim/3488/usr/share/nvim/runtime/plugin/osc52.lua
027.779  000.151  000.151: sourcing /snap/nvim/3488/usr/share/nvim/runtime/plugin/rplugin.vim
027.886  000.067  000.067: sourcing /snap/nvim/3488/usr/share/nvim/runtime/plugin/shada.vim
027.975  000.022  000.022: sourcing /snap/nvim/3488/usr/share/nvim/runtime/plugin/spellfile.vim
028.132  000.093  000.093: sourcing /snap/nvim/3488/usr/share/nvim/runtime/plugin/tarPlugin.vim
028.257  000.048  000.048: sourcing /snap/nvim/3488/usr/share/nvim/runtime/plugin/tohtml.lua
028.341  000.022  000.022: sourcing /snap/nvim/3488/usr/share/nvim/runtime/plugin/tutor.vim
028.583  000.149  000.149: sourcing /snap/nvim/3488/usr/share/nvim/runtime/plugin/zipPlugin.vim
028.801  024.296  007.652: require('user.plugins')
028.804  024.999  000.059: sourcing /home/sg3t41/.config/nvim/init.lua
028.815  001.101: sourcing vimrc file(s)
029.064  000.044  000.044: sourcing /snap/nvim/3488/usr/share/nvim/runtime/filetype.lua
029.266  000.070  000.070: sourcing /snap/nvim/3488/usr/share/nvim/runtime/syntax/synload.vim
029.344  000.225  000.155: sourcing /snap/nvim/3488/usr/share/nvim/runtime/syntax/syntax.vim
029.356  000.272: inits 3
033.157  003.801: reading ShaDa
033.989  000.042  000.042: require('bufferline.lazy')
034.060  000.065  000.065: require('bufferline.commands')
034.186  000.122  000.122: require('bufferline.config')
034.191  000.612  000.383: require('bufferline')
034.610  000.089  000.089: require('bufferline.utils')
034.614  000.320  000.231: require('bufferline.groups')
034.775  000.073  000.073: require('bufferline.constants')
034.855  000.076  000.076: require('bufferline.colors')
035.535  000.087  000.087: require('bufferline.highlights')
036.416  000.092  000.092: require('vim.version')
037.890  001.638  001.546: require('bufferline.hover')
038.263  000.239  000.239: require('bufferline.ui')
038.429  002.226: opening buffers
038.521  000.082  000.082: require('bufferline.state')
038.527  000.016: BufEnter autocommands
038.529  000.002: editing files in windows
038.537  000.009: --- NVIM STARTED ---

